<?xml version="1.0" encoding="UTF-8"?>
<testsuite name="ingsoft.exam.ExpressionTest" tests="11" skipped="0" failures="0" errors="0" timestamp="2025-12-08T15:20:59" hostname="machi-H610M-K-V2" time="0.014">
  <properties/>
  <testcase name="testMultiplication()" classname="ingsoft.exam.ExpressionTest" time="0.006"/>
  <testcase name="testAddition()" classname="ingsoft.exam.ExpressionTest" time="0.0"/>
  <testcase name="testSimpleNumber()" classname="ingsoft.exam.ExpressionTest" time="0.001"/>
  <testcase name="testMultiplicationMetric()" classname="ingsoft.exam.ExpressionTest" time="0.0"/>
  <testcase name="testSequenceDiagram()" classname="ingsoft.exam.ExpressionTest" time="0.003"/>
  <testcase name="testOddNumbersMetric()" classname="ingsoft.exam.ExpressionTest" time="0.0"/>
  <testcase name="testDivision()" classname="ingsoft.exam.ExpressionTest" time="0.001"/>
  <testcase name="testComplexExpression1()" classname="ingsoft.exam.ExpressionTest" time="0.0"/>
  <testcase name="testComplexExpression2()" classname="ingsoft.exam.ExpressionTest" time="0.001"/>
  <testcase name="testSubtraction()" classname="ingsoft.exam.ExpressionTest" time="0.0"/>
  <testcase name="testComplexExpressionWithMultipleMetrics()" classname="ingsoft.exam.ExpressionTest" time="0.0"/>
  <system-out><![CDATA[]]></system-out>
  <system-err><![CDATA[]]></system-err>
</testsuite>
